# JRE version: Java(TM) SE Runtime Environment (7.0_40-b43) (build 1.7.0_40-b43)
# Java VM: Java HotSpot(TM) Client VM (24.0-b56 mixed mode windows-x86 )
Heap
 par new generation   total 235968K, used 205012K [0x04e20000, 0x14e20000, 0x14e20000)
  eden space 209792K,  85% used [0x04e20000, 0x0fcc52f0, 0x11b00000)
  from space 26176K, 100% used [0x13490000, 0x14e20000, 0x14e20000)
  to   space 26176K,   0% used [0x11b00000, 0x11b00000, 0x13490000)
 concurrent mark-sweep generation total 786432K, used 59262K [0x14e20000, 0x44e20000, 0x44e20000)
 concurrent-mark-sweep perm gen total 40288K, used 24940K [0x44e20000, 0x47578000, 0x48e20000)
GC Heap History (10 events):
Event: 3.193 GC heap before
{Heap before GC invocations=0 (full 0):
 par new generation   total 235968K, used 209678K [0x04e20000, 0x14e20000, 0x14e20000)
  eden space 209792K,  99% used [0x04e20000, 0x11ae3ac8, 0x11b00000)
  from space 26176K,   0% used [0x11b00000, 0x11b00000, 0x13490000)
  to   space 26176K,   0% used [0x13490000, 0x13490000, 0x14e20000)
 concurrent mark-sweep generation total 786432K, used 0K [0x14e20000, 0x44e20000, 0x44e20000)
 concurrent-mark-sweep perm gen total 16256K, used 16177K [0x44e20000, 0x45e00000, 0x48e20000)
Event: 3.217 GC heap after
Heap after GC invocations=1 (full 0):
 par new generation   total 235968K, used 22499K [0x04e20000, 0x14e20000, 0x14e20000)
  eden space 209792K,   0% used [0x04e20000, 0x04e20000, 0x11b00000)
  from space 26176K,  85% used [0x13490000, 0x14a88d20, 0x14e20000)
  to   space 26176K,   0% used [0x11b00000, 0x11b00000, 0x13490000)
 concurrent mark-sweep generation total 786432K, used 0K [0x14e20000, 0x44e20000, 0x44e20000)
 concurrent-mark-sweep perm gen total 16256K, used 16177K [0x44e20000, 0x45e00000, 0x48e20000)
}
Event: 4.581 GC heap before
{Heap before GC invocations=1 (full 1):
 par new generation   total 235968K, used 232291K [0x04e20000, 0x14e20000, 0x14e20000)
  eden space 209792K, 100% used [0x04e20000, 0x11b00000, 0x11b00000)
  from space 26176K,  85% used [0x13490000, 0x14a88d20, 0x14e20000)
  to   space 26176K,   0% used [0x11b00000, 0x11b00000, 0x13490000)
 concurrent mark-sweep generation total 786432K, used 0K [0x14e20000, 0x44e20000, 0x44e20000)
 concurrent-mark-sweep perm gen total 22528K, used 22463K [0x44e20000, 0x46420000, 0x48e20000)
Event: 4.630 GC heap after
Heap after GC invocations=2 (full 1):
 par new generation   total 235968K, used 26176K [0x04e20000, 0x14e20000, 0x14e20000)
  eden space 209792K,   0% used [0x04e20000, 0x04e20000, 0x11b00000)
  from space 26176K, 100% used [0x11b00000, 0x13490000, 0x13490000)
  to   space 26176K,   0% used [0x13490000, 0x13490000, 0x14e20000)
 concurrent mark-sweep generation total 786432K, used 12962K [0x14e20000, 0x44e20000, 0x44e20000)
 concurrent-mark-sweep perm gen total 22528K, used 22463K [0x44e20000, 0x46420000, 0x48e20000)
}
Event: 5.671 GC heap before
{Heap before GC invocations=2 (full 1):
 par new generation   total 235968K, used 235968K [0x04e20000, 0x14e20000, 0x14e20000)
  eden space 209792K, 100% used [0x04e20000, 0x11b00000, 0x11b00000)
  from space 26176K, 100% used [0x11b00000, 0x13490000, 0x13490000)
  to   space 26176K,   0% used [0x13490000, 0x13490000, 0x14e20000)
 concurrent mark-sweep generation total 786432K, used 12962K [0x14e20000, 0x44e20000, 0x44e20000)
 concurrent-mark-sweep perm gen total 22528K, used 22463K [0x44e20000, 0x46420000, 0x48e20000)
Event: 5.695 GC heap after
Heap after GC invocations=3 (full 1):
 par new generation   total 235968K, used 13937K [0x04e20000, 0x14e20000, 0x14e20000)
  eden space 209792K,   0% used [0x04e20000, 0x04e20000, 0x11b00000)
  from space 26176K,  53% used [0x13490000, 0x1422c578, 0x14e20000)
  to   space 26176K,   0% used [0x11b00000, 0x11b00000, 0x13490000)
 concurrent mark-sweep generation total 786432K, used 31265K [0x14e20000, 0x44e20000, 0x44e20000)
 concurrent-mark-sweep perm gen total 22528K, used 22463K [0x44e20000, 0x46420000, 0x48e20000)
}
Event: 6.641 GC heap before
{Heap before GC invocations=3 (full 1):
 par new generation   total 235968K, used 223729K [0x04e20000, 0x14e20000, 0x14e20000)
  eden space 209792K, 100% used [0x04e20000, 0x11b00000, 0x11b00000)
  from space 26176K,  53% used [0x13490000, 0x1422c578, 0x14e20000)
  to   space 26176K,   0% used [0x11b00000, 0x11b00000, 0x13490000)
 concurrent mark-sweep generation total 786432K, used 31265K [0x14e20000, 0x44e20000, 0x44e20000)
 concurrent-mark-sweep perm gen total 37440K, used 22522K [0x44e20000, 0x472b0000, 0x48e20000)
Event: 6.660 GC heap after
Heap after GC invocations=4 (full 1):
 par new generation   total 235968K, used 26176K [0x04e20000, 0x14e20000, 0x14e20000)
  eden space 209792K,   0% used [0x04e20000, 0x04e20000, 0x11b00000)
  from space 26176K, 100% used [0x11b00000, 0x13490000, 0x13490000)
  to   space 26176K,   0% used [0x13490000, 0x13490000, 0x14e20000)
 concurrent mark-sweep generation total 786432K, used 33813K [0x14e20000, 0x44e20000, 0x44e20000)
 concurrent-mark-sweep perm gen total 37440K, used 22522K [0x44e20000, 0x472b0000, 0x48e20000)
}
Event: 7.644 GC heap before
{Heap before GC invocations=4 (full 2):
 par new generation   total 235968K, used 235968K [0x04e20000, 0x14e20000, 0x14e20000)
  eden space 209792K, 100% used [0x04e20000, 0x11b00000, 0x11b00000)
  from space 26176K, 100% used [0x11b00000, 0x13490000, 0x13490000)
  to   space 26176K,   0% used [0x13490000, 0x13490000, 0x14e20000)
 concurrent mark-sweep generation total 786432K, used 33813K [0x14e20000, 0x44e20000, 0x44e20000)
 concurrent-mark-sweep perm gen total 37440K, used 23413K [0x44e20000, 0x472b0000, 0x48e20000)
Event: 7.682 GC heap after
Heap after GC invocations=5 (full 2):
 par new generation   total 235968K, used 26176K [0x04e20000, 0x14e20000, 0x14e20000)
  eden space 209792K,   0% used [0x04e20000, 0x04e20000, 0x11b00000)
  from space 26176K, 100% used [0x13490000, 0x14e20000, 0x14e20000)
  to   space 26176K,   0% used [0x11b00000, 0x11b00000, 0x13490000)
 concurrent mark-sweep generation total 786432K, used 63395K [0x14e20000, 0x44e20000, 0x44e20000)
 concurrent-mark-sweep perm gen total 37440K, used 23413K [0x44e20000, 0x472b0000, 0x48e20000)
}

